<?xml version="1.0" encoding="UTF-8"?>
<testsuite xmlns:xsi="http://www.w3.org/2001/XMLSchema-instance" xsi:noNamespaceSchemaLocation="https://maven.apache.org/surefire/maven-surefire-plugin/xsd/surefire-test-report.xsd" version="3.0.2" name="com.example.googlechat_webhook.GooglechatWebhookApplicationTests" time="4.301" tests="1" errors="0" skipped="0" failures="0">
  <properties>
[...]
</properties>
  <testcase name="contextLoads" classname="com.example.googlechat_webhook.GooglechatWebhookApplicationTests" time="1.198">
    <system-out><![CDATA[10:14:01.735 [main] INFO org.springframework.test.context.support.AnnotationConfigContextLoaderUtils -- Could not detect default configuration classes for test class [com.example.googlechat_webhook.GooglechatWebhookApplicationTests]: GooglechatWebhookApplicationTests does not declare any static, non-private, non-final, nested classes annotated with @Configuration.
10:14:01.942 [main] INFO org.springframework.boot.test.context.SpringBootTestContextBootstrapper -- Found @SpringBootConfiguration com.example.googlechat_webhook.GooglechatWebhookApplication for test class com.example.googlechat_webhook.GooglechatWebhookApplicationTests

  .   ____          _            __ _ _
 /\\ / ___'_ __ _ _(_)_ __  __ _ \ \ \ \
( ( )\___ | '_ | '_| | '_ \/ _` | \ \ \ \
 \\/  ___)| |_)| | | | | || (_| |  ) ) ) )
  '  |____| .__|_| |_|_| |_\__, | / / / /
 =========|_|==============|___/=/_/_/_/

 :: Spring Boot ::                (v3.4.3)

2025-03-21T10:14:02.674-07:00  INFO 12264 --- [googlechat-webhook] [           main] c.e.g.GooglechatWebhookApplicationTests  : Starting GooglechatWebhookApplicationTests using Java 21.0.6 with PID 12264 (started by C-137 in C:\Users\C-137\Desktop\googlechat-webhook)
2025-03-21T10:14:02.676-07:00  INFO 12264 --- [googlechat-webhook] [           main] c.e.g.GooglechatWebhookApplicationTests  : No active profile set, falling back to 1 default profile: "default"
2025-03-21T10:14:04.118-07:00  INFO 12264 --- [googlechat-webhook] [           main] o.s.b.a.w.s.WelcomePageHandlerMapping    : Adding welcome page: class path resource [static/index.html]
2025-03-21T10:14:04.554-07:00  INFO 12264 --- [googlechat-webhook] [           main] c.e.g.GooglechatWebhookApplicationTests  : Started GooglechatWebhookApplicationTests in 2.353 seconds (process running for 3.946)
]]></system-out>
    <system-err><![CDATA[Mockito is currently self-attaching to enable the inline-mock-maker. This will no longer work in future releases of the JDK. Please add Mockito as an agent to your build what is described in Mockito's documentation: https://javadoc.io/doc/org.mockito/mockito-core/latest/org/mockito/Mockito.html#0.3
WARNING: A Java agent has been loaded dynamically (C:\Users\C-137\.m2\repository\net\bytebuddy\byte-buddy-agent\1.15.11\byte-buddy-agent-1.15.11.jar)
WARNING: If a serviceability tool is in use, please run with -XX:+EnableDynamicAgentLoading to hide this warning
WARNING: If a serviceability tool is not in use, please run with -Djdk.instrument.traceUsage for more information
WARNING: Dynamic loading of agents will be disallowed by default in a future release
]]></system-err>
  </testcase>
</testsuite>