<?xml version="1.0" encoding="UTF-8"?>
<testsuite xmlns:xsi="http://www.w3.org/2001/XMLSchema-instance" xsi:noNamespaceSchemaLocation="https://maven.apache.org/surefire/maven-surefire-plugin/xsd/surefire-test-report.xsd" version="3.0.2" name="com.Webhooks.BotWebhook.BotWebhookApplicationTests" time="5.302" tests="1" errors="0" skipped="0" failures="0">
  <properties>
[...]
</properties>
  <testcase name="contextLoads" classname="com.Webhooks.BotWebhook.BotWebhookApplicationTests" time="1.506">
    <system-out><![CDATA[10:03:32.612 [main] INFO org.springframework.test.context.support.AnnotationConfigContextLoaderUtils -- Could not detect default configuration classes for test class [com.Webhooks.BotWebhook.BotWebhookApplicationTests]: BotWebhookApplicationTests does not declare any static, non-private, non-final, nested classes annotated with @Configuration.
10:03:32.846 [main] INFO org.springframework.boot.test.context.SpringBootTestContextBootstrapper -- Found @SpringBootConfiguration com.Webhooks.BotWebhook.BotWebhookApplication for test class com.Webhooks.BotWebhook.BotWebhookApplicationTests

  .   ____          _            __ _ _
 /\\ / ___'_ __ _ _(_)_ __  __ _ \ \ \ \
( ( )\___ | '_ | '_| | '_ \/ _` | \ \ \ \
 \\/  ___)| |_)| | | | | || (_| |  ) ) ) )
  '  |____| .__|_| |_|_| |_\__, | / / / /
 =========|_|==============|___/=/_/_/_/

 :: Spring Boot ::                (v3.4.4)

2025-04-08T10:03:33.734-07:00  INFO 12472 --- [BotWebhook] [           main] c.W.B.BotWebhookApplicationTests         : Starting BotWebhookApplicationTests using Java 21.0.6 with PID 12472 (started by C-137 in C:\Users\C-137\Documents\BotWebhook)
2025-04-08T10:03:33.736-07:00  INFO 12472 --- [BotWebhook] [           main] c.W.B.BotWebhookApplicationTests         : No active profile set, falling back to 1 default profile: "default"
2025-04-08T10:03:36.122-07:00  INFO 12472 --- [BotWebhook] [           main] c.W.B.BotWebhookApplicationTests         : Started BotWebhookApplicationTests in 3.0 seconds (process running for 4.817)
]]></system-out>
    <system-err><![CDATA[Mockito is currently self-attaching to enable the inline-mock-maker. This will no longer work in future releases of the JDK. Please add Mockito as an agent to your build what is described in Mockito's documentation: https://javadoc.io/doc/org.mockito/mockito-core/latest/org/mockito/Mockito.html#0.3
WARNING: A Java agent has been loaded dynamically (C:\Users\C-137\.m2\repository\net\bytebuddy\byte-buddy-agent\1.15.11\byte-buddy-agent-1.15.11.jar)
WARNING: If a serviceability tool is in use, please run with -XX:+EnableDynamicAgentLoading to hide this warning
WARNING: If a serviceability tool is not in use, please run with -Djdk.instrument.traceUsage for more information
WARNING: Dynamic loading of agents will be disallowed by default in a future release
]]></system-err>
  </testcase>
</testsuite>